# JRE version: OpenJDK Runtime Environment (17.0.11) (build 17.0.11+0--11852314)
# Java VM: OpenJDK 64-Bit Server VM (17.0.11+0--11852314, mixed mode, tiered, compressed oops, compressed class ptrs, g1 gc, windows-amd64)
GC Precious Log:
 CPUs: 8 total, 8 available
 Memory: 11982M
 Large Page Support: Disabled
 NUMA Support: Disabled
 Compressed Oops: Enabled (32-bit)
 Heap Region Size: 1M
 Heap Min Capacity: 8M
 Heap Initial Capacity: 188M
 Heap Max Capacity: 2G
 Pre-touch: Disabled
 Parallel Workers: 8
 Concurrent Workers: 2
 Concurrent Refinement Workers: 8
 Periodic GC: Disabled
Heap:
 garbage-first heap   total 219136K, used 157134K [0x0000000080000000, 0x0000000100000000)
  region size 1024K, 61 young (62464K), 7 survivors (7168K)
 Metaspace       used 98751K, committed 99520K, reserved 1179648K
  class space    used 13711K, committed 14080K, reserved 1048576K
GC Heap History (20 events):
Event: 14.329 GC heap before
{Heap before GC invocations=37 (full 0):
 garbage-first heap   total 219136K, used 153441K [0x0000000080000000, 0x0000000100000000)
  region size 1024K, 85 young (87040K), 1 survivors (1024K)
 Metaspace       used 73663K, committed 74304K, reserved 1114112K
  class space    used 9987K, committed 10304K, reserved 1048576K
}
Event: 14.335 GC heap after
{Heap after GC invocations=38 (full 0):
 garbage-first heap   total 219136K, used 68940K [0x0000000080000000, 0x0000000100000000)
  region size 1024K, 7 young (7168K), 7 survivors (7168K)
 Metaspace       used 73663K, committed 74304K, reserved 1114112K
  class space    used 9987K, committed 10304K, reserved 1048576K
}
Event: 14.389 GC heap before
{Heap before GC invocations=38 (full 0):
 garbage-first heap   total 219136K, used 72012K [0x0000000080000000, 0x0000000100000000)
  region size 1024K, 10 young (10240K), 7 survivors (7168K)
 Metaspace       used 73857K, committed 74432K, reserved 1114112K
  class space    used 10023K, committed 10304K, reserved 1048576K
}
Event: 14.396 GC heap after
{Heap after GC invocations=39 (full 0):
 garbage-first heap   total 219136K, used 68525K [0x0000000080000000, 0x0000000100000000)
  region size 1024K, 1 young (1024K), 1 survivors (1024K)
 Metaspace       used 73857K, committed 74432K, reserved 1114112K
  class space    used 10023K, committed 10304K, reserved 1048576K
}
Event: 16.336 GC heap before
{Heap before GC invocations=39 (full 0):
 garbage-first heap   total 219136K, used 165805K [0x0000000080000000, 0x0000000100000000)
  region size 1024K, 96 young (98304K), 1 survivors (1024K)
 Metaspace       used 79976K, committed 80640K, reserved 1179648K
  class space    used 10846K, committed 11136K, reserved 1048576K
}
Event: 16.341 GC heap after
{Heap after GC invocations=40 (full 0):
 garbage-first heap   total 219136K, used 75499K [0x0000000080000000, 0x0000000100000000)
  region size 1024K, 8 young (8192K), 8 survivors (8192K)
 Metaspace       used 79976K, committed 80640K, reserved 1179648K
  class space    used 10846K, committed 11136K, reserved 1048576K
}
Event: 19.340 GC heap before
{Heap before GC invocations=40 (full 0):
 garbage-first heap   total 219136K, used 167659K [0x0000000080000000, 0x0000000100000000)
  region size 1024K, 98 young (100352K), 8 survivors (8192K)
 Metaspace       used 86788K, committed 87488K, reserved 1179648K
  class space    used 11997K, committed 12352K, reserved 1048576K
}
Event: 19.349 GC heap after
{Heap after GC invocations=41 (full 0):
 garbage-first heap   total 219136K, used 78435K [0x0000000080000000, 0x0000000100000000)
  region size 1024K, 5 young (5120K), 5 survivors (5120K)
 Metaspace       used 86788K, committed 87488K, reserved 1179648K
  class space    used 11997K, committed 12352K, reserved 1048576K
}
Event: 22.178 GC heap before
{Heap before GC invocations=41 (full 0):
 garbage-first heap   total 219136K, used 171619K [0x0000000080000000, 0x0000000100000000)
  region size 1024K, 96 young (98304K), 5 survivors (5120K)
 Metaspace       used 94182K, committed 94912K, reserved 1179648K
  class space    used 13119K, committed 13504K, reserved 1048576K
}
Event: 22.192 GC heap after
{Heap after GC invocations=42 (full 0):
 garbage-first heap   total 219136K, used 83398K [0x0000000080000000, 0x0000000100000000)
  region size 1024K, 10 young (10240K), 10 survivors (10240K)
 Metaspace       used 94182K, committed 94912K, reserved 1179648K
  class space    used 13119K, committed 13504K, reserved 1048576K
}
Event: 23.287 GC heap before
{Heap before GC invocations=42 (full 0):
 garbage-first heap   total 219136K, used 172486K [0x0000000080000000, 0x0000000100000000)
  region size 1024K, 98 young (100352K), 10 survivors (10240K)
 Metaspace       used 95693K, committed 96448K, reserved 1179648K
  class space    used 13343K, committed 13696K, reserved 1048576K
}
Event: 23.299 GC heap after
{Heap after GC invocations=43 (full 0):
 garbage-first heap   total 219136K, used 90001K [0x0000000080000000, 0x0000000100000000)
  region size 1024K, 12 young (12288K), 12 survivors (12288K)
 Metaspace       used 95693K, committed 96448K, reserved 1179648K
  class space    used 13343K, committed 13696K, reserved 1048576K
}
Event: 24.108 GC heap before
{Heap before GC invocations=43 (full 0):
 garbage-first heap   total 219136K, used 172945K [0x0000000080000000, 0x0000000100000000)
  region size 1024K, 94 young (96256K), 12 survivors (12288K)
 Metaspace       used 96034K, committed 96768K, reserved 1179648K
  class space    used 13388K, committed 13760K, reserved 1048576K
}
Event: 24.120 GC heap after
{Heap after GC invocations=44 (full 0):
 garbage-first heap   total 219136K, used 94620K [0x0000000080000000, 0x0000000100000000)
  region size 1024K, 7 young (7168K), 7 survivors (7168K)
 Metaspace       used 96034K, committed 96768K, reserved 1179648K
  class space    used 13388K, committed 13760K, reserved 1048576K
}
Event: 24.634 GC heap before
{Heap before GC invocations=44 (full 0):
 garbage-first heap   total 219136K, used 173468K [0x0000000080000000, 0x0000000100000000)
  region size 1024K, 85 young (87040K), 7 survivors (7168K)
 Metaspace       used 96358K, committed 97024K, reserved 1179648K
  class space    used 13426K, committed 13760K, reserved 1048576K
}
Event: 24.640 GC heap after
{Heap after GC invocations=45 (full 0):
 garbage-first heap   total 219136K, used 98386K [0x0000000080000000, 0x0000000100000000)
  region size 1024K, 6 young (6144K), 6 survivors (6144K)
 Metaspace       used 96358K, committed 97024K, reserved 1179648K
  class space    used 13426K, committed 13760K, reserved 1048576K
}
Event: 24.952 GC heap before
{Heap before GC invocations=45 (full 0):
 garbage-first heap   total 219136K, used 175186K [0x0000000080000000, 0x0000000100000000)
  region size 1024K, 82 young (83968K), 6 survivors (6144K)
 Metaspace       used 96419K, committed 97088K, reserved 1179648K
  class space    used 13429K, committed 13760K, reserved 1048576K
}
Event: 24.959 GC heap after
{Heap after GC invocations=46 (full 0):
 garbage-first heap   total 219136K, used 100579K [0x0000000080000000, 0x0000000100000000)
  region size 1024K, 8 young (8192K), 8 survivors (8192K)
 Metaspace       used 96419K, committed 97088K, reserved 1179648K
  class space    used 13429K, committed 13760K, reserved 1048576K
}
Event: 25.518 GC heap before
{Heap before GC invocations=46 (full 0):
 garbage-first heap   total 219136K, used 177379K [0x0000000080000000, 0x0000000100000000)
  region size 1024K, 84 young (86016K), 8 survivors (8192K)
 Metaspace       used 97672K, committed 98496K, reserved 1179648K
  class space    used 13575K, committed 14016K, reserved 1048576K
}
Event: 25.528 GC heap after
{Heap after GC invocations=47 (full 0):
 garbage-first heap   total 219136K, used 102862K [0x0000000080000000, 0x0000000100000000)
  region size 1024K, 7 young (7168K), 7 survivors (7168K)
 Metaspace       used 97672K, committed 98496K, reserved 1179648K
  class space    used 13575K, committed 14016K, reserved 1048576K
}

